[31m

processing file: devoir_epidemio.qmd
[39m1/121                                             
2/121 [setup]                                     
3/121                                             
4/121 [extract code chunks]                       
5/121                                             
6/121 [data-management]                           
7/121                                             
8/121 [nettoyage_renommage]                       
9/121                                             
10/121 [unnamed-chunk-1]                           
11/121                                             
12/121 [unnamed-chunk-2]                           
13/121                                             
14/121 [tableau-correspondance-variables]          
15/121                                             
16/121 [taux_donnees_manquantes]                   
17/121                                             
18/121 [conversion_dates_facteurs]                 
19/121                                             
20/121 [verification_dates]                        
21/121                                             
22/121 [unnamed-chunk-3]                           
23/121                                             
24/121 [verification_dates_discharge]              
25/121                                             
26/121 [unnamed-chunk-4]                           
27/121                                             
28/121 [tbl-data-summary]                          
29/121                                             
30/121 [tbl-variable-types]                        
31/121                                             
32/121 [tbl-categorical-variables]                 
33/121                                             
34/121 [unnamed-chunk-5]                           
35/121                                             
36/121 [fig-categorical-distribution]              
37/121                                             
38/121 [fig-categorical-diagnosis]                 
39/121                                             
40/121 [fig-categorical-comorbidity]               
41/121                                             
42/121 [fig-categorical-diagnosis-comorbidity]     
43/121                                             
44/121 [fig-categorical-sociodemographic]          
45/121                                             
46/121 [tbl-cancer-percentage]                     
47/121                                             
48/121 [fig-categorical-cancer]                    
49/121                                             
50/121 [fig-categorical-death]                     
51/121                                             
52/121 [tbl-death-percentage]                      
53/121                                             
54/121 [fig-categorical-rhc]                       
55/121                                             
56/121 [tbl-rhc-percentage]                        
57/121                                             
58/121 [tbl-numeric-variables]                     
59/121                                             
60/121 [tbl-numeric-outliers]                      
61/121                                             
62/121 [code-imputation-outliers]                  
63/121                                             
64/121 [tbl-numeric-variables-imputed]             
65/121                                             
66/121 [fig-numeric-distribution]                  
67/121                                             
68/121 [fig-qqplot-age]                            
69/121                                             
70/121 [comparaison-deces-binary]                  
71/121                                             
72/121 [or-deces-binary]                           
73/121                                             
74/121 [code-variables-outcomes]                   
75/121                                             
76/121 [code-km-plot]                              
77/121                                             
78/121 [tableau-comparatif-rhc]                    
79/121                                             
80/121 [SMD]                                       
81/121                                             
82/121 [variables-smd]                             
83/121                                             
84/121 [SMD-plot]                                  
85/121                                             
86/121 [imputation-propension]                     
87/121                                             
88/121 [calcul-propension]                         
89/121                                             
90/121 [density-plot-propension]                   
91/121                                             
92/121 [histogram-mirror-propension]               
93/121                                             
94/121 [love-plot-matched]                         
95/121                                             
96/121 [tableau-p-smd-matched]                     
97/121                                             
98/121 [comparaison-deces-apres-appariement]       
99/121                                             
100/121 [or-deces-binary-apres-appariement]         
101/121                                             
102/121 [or-conditionnel-apres-appariement]         
103/121                                             
104/121 [variables-outcomes-apres-appariement]      
105/121                                             
106/121 [km-plot-apres-appariement]                 
107/121                                             
108/121 [conventionnal-and-stratified-log-rank-test]
109/121                                             
110/121 [cox-stratified-robust]                     
111/121                                             
112/121 [cox-proportional-hazards-assumption]       
113/121                                             
114/121 [cox-multivariate]                          
115/121                                             
116/121 [unnamed-chunk-6]                           
117/121                                             
118/121 [tests-comparatifs-matched]                 
119/121                                             
120/121 [unnamed-chunk-7]                           
121/121                                             
[31moutput file: devoir_epidemio.knit.md

[39m[1mpandoc [22m
  to: latex
  output-file: devoir_epidemio.tex
  standalone: true
  pdf-engine: xelatex
  variables:
    graphics: true
    tables: true
  default-image-extension: pdf
  toc: true
  toc-depth: 2
  cite-method: natbib
  pdf-engine-opts:
    - '-interaction=nonstopmode'
    - '-halt-on-error'
  number-sections: true
  
[1mmetadata[22m
  documentclass: scrartcl
  classoption:
    - DIV=11
    - numbers=noendperiod
  papersize: letter
  header-includes:
    - \KOMAoption{captions}{tableheading}
    - |
      % Force la police Computer Modern pour le titre principal
      \usepackage{fontspec}
      \makeatletter
      \renewcommand{\maketitle}{
      \begin{center}
          {\Large\bfseries\rmfamily \@title \par}
          \vskip 1.5em
          {\large\rmfamily \@author \par}
          \vskip 1em
      \end{center}
      }
      \makeatother
      % Titres KOMA-Script en police roman par défaut
      \setkomafont{disposition}{\rmfamily}
      % Hyphenation française
      \usepackage[french]{babel}
      % Style des commentaires dans les blocs de code
      \usepackage{xcolor}
      \definecolor{commentgray}{HTML}{7A7A7A}
      \providecommand{\CommentTok}[1]{#1}
      \AtBeginDocument{
      \renewcommand{\CommentTok}[1]{\textcolor{commentgray}{\textit{#1}}}
      }
      % Police "universelle" pour le code (XeLaTeX)
      \usepackage{fontspec}
      \IfFontExistsTF{Ubuntu Mono}{
        \setmonofont{Ubuntu Mono}[Scale=MatchLowercase]
      }{
        \IfFontExistsTF{DejaVu Sans Mono}{
          \setmonofont{DejaVu Sans Mono}[Scale=MatchLowercase]
        }{
          % fallback macOS (souvent dispo)
          \IfFontExistsTF{Menlo}{
            \setmonofont{Menlo}[Scale=MatchLowercase]
          }{
            \IfFontExistsTF{Monaco}{
              \setmonofont{Monaco}[Scale=MatchLowercase]
            }{
              % sinon on garde la police mono par défaut
            }
          }
        }
      }
      % Bloc de code R pour l'annexe (évite Shaded trop grand)
      \usepackage{listings}
      \lstset{
      language=R,
      basicstyle=\ttfamily\footnotesize\linespread{0.6}\selectfont\color{black},
      commentstyle=\itshape\color{commentgray},
      keywordstyle=\color{blue!60!black},
      stringstyle=\color{brown!60!black},
      showstringspaces=false,
      showspaces=false,
      showtabs=false,
      breaklines=true,
      breakatwhitespace=false,
      columns=fullflexible,
      xleftmargin=0.5em,
      xrightmargin=0.5em
      }
  
      \usepackage{etoolbox}
      \renewcommand{\contentsname}{}
      \AtBeginDocument{
          \addtocontents{toc}{\protect\smallskip}
          \let\oldtableofcontents\tableofcontents
          \renewcommand{\tableofcontents}{
          \begingroup
              \footnotesize
              \setlength{\parskip}{2pt}
              \oldtableofcontents
          \endgroup
          }
      }
      \setcounter{tocdepth}{5}
      \makeatletter
      \renewcommand{\@tocrmarg}{0pt}
      \makeatother
  
      \usepackage{fvextra}
      \usepackage[section]{placeins}
  
      % Gestion des chunks de code
      \DefineVerbatimEnvironment{Highlighting}{Verbatim}{breaklines,commandchars=\\\{\}}
  
      \usepackage{needspace}
      \usepackage{float}
      \floatplacement{figure}{H}
      \floatplacement{table}{H}
      % \usepackage{rotating} % (désactivé)
  
      \newcommand{\sectionbreak}{\needspace{5\baselineskip}}
      \setlength{\parindent}{0pt}
      \setlength{\parskip}{3pt}
      \hfuzz=100pt
      \vfuzz=100pt
      \hbadness=10000
      \usepackage{enumitem}
      \setlist[itemize]{itemsep=3pt, parsep=3pt, topsep=3pt}
      \setlist[enumerate]{itemsep=3pt, parsep=3pt, topsep=3pt}
      \setlist[description]{itemsep=3pt, parsep=3pt, topsep=3pt}
  
      \usepackage[most]{tcolorbox}
      \usepackage{color}
      \definecolor{lightgray}{gray}{0.95}
      \newtcolorbox{graybox}{colback=gray!10!white,colframe=black,boxrule=0.6pt,arc=1mm,left=6pt,right=6pt,top=4pt,bottom=4pt}
      \newtcolorbox{codebox}{breakable,colback=blue!5!white,colframe=blue!50!black,boxrule=0.5pt,arc=1mm,left=4pt,right=4pt,top=3pt,bottom=3pt}
      \DefineVerbatimEnvironment{CodeBoxContent}{Verbatim}{fontsize=\small,breaklines,breakanywhere}
  
      \renewcommand{\thesection}{\arabic{section}}
      \renewcommand{\thesubsection}{\thesection.\Alph{subsection}}
      \renewcommand{\thesubsubsection}{\thesubsection.\arabic{subsubsection}}
  block-headings: true
  title: Devoir Épidémiologie
  author: Thomas Husson, Groupe 52
  bibliography:
    - /Users/thomashusson/Documents/Projets/M2biostatistiques/Biblio/biblio-zotero.bib
  prefer-pdf: true
  geometry: margin=2.5cm
  toc-title: Table des matières
  biblio-style: unsrtnat
  natbiboptions: super,sort,compress
  code-block-bg: false
  
[33mWARNING (/Applications/quarto/share/filters/main.lua:17189) Raw LaTeX table found with non-tbl label: tab:unnamed-chunk-6
Won't be able to cross-reference this table using Quarto's native crossref system.
[39m[1m[34m
Rendering PDF[39m[22m
[1m[34mrunning xelatex - 1[39m[22m
  This is XeTeX, Version 3.141592653-2.6-0.999997 (TeX Live 2025) (preloaded format=xelatex)
   restricted \write18 enabled.
  entering extended mode
  (./devoir_epidemio.tex
  LaTeX2e <2024-11-01> patch level 2
  L3 programming layer <2025-01-18>
  (/usr/local/texlive/2025/texmf-dist/tex/latex/koma-script/scrartcl.cls
  Document Class: scrartcl 2024/10/24 v3.43 KOMA-Script document class (article)
  (/usr/local/texlive/2025/texmf-dist/tex/latex/koma-script/scrkbase.sty
  (/usr/local/texlive/2025/texmf-dist/tex/latex/koma-script/scrbase.sty
  (/usr/local/texlive/2025/texmf-dist/tex/latex/koma-script/scrlfile.sty
  (/usr/local/texlive/2025/texmf-dist/tex/latex/koma-script/scrlfile-hook.sty
  (/usr/local/texlive/2025/texmf-dist/tex/latex/koma-script/scrlogo.sty)))
  (/usr/local/texlive/2025/texmf-dist/tex/latex/graphics/keyval.sty)))
  (/usr/local/texlive/2025/texmf-dist/tex/latex/koma-script/tocbasic.sty)
  (/usr/local/texlive/2025/texmf-dist/tex/latex/koma-script/scrsize11pt.clo)
  (/usr/local/texlive/2025/texmf-dist/tex/latex/koma-script/typearea.sty))
  (/usr/local/texlive/2025/texmf-dist/tex/latex/xcolor/xcolor.sty
  (/usr/local/texlive/2025/texmf-dist/tex/latex/graphics-cfg/color.cfg)
  (/usr/local/texlive/2025/texmf-dist/tex/latex/graphics-def/xetex.def)
  (/usr/local/texlive/2025/texmf-dist/tex/latex/graphics/mathcolor.ltx))
  (/usr/local/texlive/2025/texmf-dist/tex/latex/graphics/dvipsnam.def)
  (/usr/local/texlive/2025/texmf-dist/tex/latex/xcolor/svgnam.def)
  (/usr/local/texlive/2025/texmf-dist/tex/latex/xcolor/x11nam.def)
  (/usr/local/texlive/2025/texmf-dist/tex/latex/geometry/geometry.sty
  (/usr/local/texlive/2025/texmf-dist/tex/generic/iftex/ifvtex.sty
  (/usr/local/texlive/2025/texmf-dist/tex/generic/iftex/iftex.sty)))
  (/usr/local/texlive/2025/texmf-dist/tex/latex/amsmath/amsmath.sty
  For additional information on amsmath, use the `?' option.
  (/usr/local/texlive/2025/texmf-dist/tex/latex/amsmath/amstext.sty
  (/usr/local/texlive/2025/texmf-dist/tex/latex/amsmath/amsgen.sty))
  (/usr/local/texlive/2025/texmf-dist/tex/latex/amsmath/amsbsy.sty)
  (/usr/local/texlive/2025/texmf-dist/tex/latex/amsmath/amsopn.sty))
  (/usr/local/texlive/2025/texmf-dist/tex/latex/amsfonts/amssymb.sty
  (/usr/local/texlive/2025/texmf-dist/tex/latex/amsfonts/amsfonts.sty))
  (/usr/local/texlive/2025/texmf-dist/tex/latex/unicode-math/unicode-math.sty
  (/usr/local/texlive/2025/texmf-dist/tex/latex/l3kernel/expl3.sty
  (/usr/local/texlive/2025/texmf-dist/tex/latex/l3backend/l3backend-xetex.def))
  (/usr/local/texlive/2025/texmf-dist/tex/latex/unicode-math/unicode-math-xetex.s
  ty (/usr/local/texlive/2025/texmf-dist/tex/latex/l3packages/xparse/xparse.sty)
  (/usr/local/texlive/2025/texmf-dist/tex/latex/l3packages/l3keys2e/l3keys2e.sty)
   (/usr/local/texlive/2025/texmf-dist/tex/latex/fontspec/fontspec.sty
  (/usr/local/texlive/2025/texmf-dist/tex/latex/fontspec/fontspec-xetex.sty
  (/usr/local/texlive/2025/texmf-dist/tex/latex/base/fontenc.sty)
  (/usr/local/texlive/2025/texmf-dist/tex/latex/fontspec/fontspec.cfg)))
  (/usr/local/texlive/2025/texmf-dist/tex/latex/base/fix-cm.sty
  (/usr/local/texlive/2025/texmf-dist/tex/latex/base/ts1enc.def))
  (/usr/local/texlive/2025/texmf-dist/tex/latex/unicode-math/unicode-math-table.t
  ex))) (/usr/local/texlive/2025/texmf-dist/tex/latex/lm/lmodern.sty)
  (/usr/local/texlive/2025/texmf-dist/tex/latex/upquote/upquote.sty
  (/usr/local/texlive/2025/texmf-dist/tex/latex/base/textcomp.sty))
  (/usr/local/texlive/2025/texmf-dist/tex/latex/microtype/microtype.sty
  (/usr/local/texlive/2025/texmf-dist/tex/latex/etoolbox/etoolbox.sty)
  (/usr/local/texlive/2025/texmf-dist/tex/latex/microtype/microtype-xetex.def)
  (/usr/local/texlive/2025/texmf-dist/tex/latex/microtype/microtype.cfg))
  (/usr/local/texlive/2025/texmf-dist/tex/latex/fancyvrb/fancyvrb.sty)
  (/usr/local/texlive/2025/texmf-dist/tex/latex/framed/framed.sty)
  (/usr/local/texlive/2025/texmf-dist/tex/latex/tools/longtable.sty)
  (/usr/local/texlive/2025/texmf-dist/tex/latex/booktabs/booktabs.sty)
  (/usr/local/texlive/2025/texmf-dist/tex/latex/tools/array.sty)
  (/usr/local/texlive/2025/texmf-dist/tex/latex/tools/calc.sty)
  (/usr/local/texlive/2025/texmf-dist/tex/latex/footnotehyper/footnotehyper.sty)
  (/usr/local/texlive/2025/texmf-dist/tex/latex/graphics/graphicx.sty
  (/usr/local/texlive/2025/texmf-dist/tex/latex/graphics/graphics.sty
  (/usr/local/texlive/2025/texmf-dist/tex/latex/graphics/trig.sty)
  (/usr/local/texlive/2025/texmf-dist/tex/latex/graphics-cfg/graphics.cfg)))
  (/usr/local/texlive/2025/texmf-dist/tex/latex/natbib/natbib.sty)
  (/usr/local/texlive/2025/texmf-dist/tex/latex/multirow/multirow.sty)
  (/usr/local/texlive/2025/texmf-dist/tex/latex/wrapfig/wrapfig.sty)
  (/usr/local/texlive/2025/texmf-dist/tex/latex/float/float.sty)
  (/usr/local/texlive/2025/texmf-dist/tex/latex/colortbl/colortbl.sty)
  (/usr/local/texlive/2025/texmf-dist/tex/latex/pdflscape/pdflscape.sty
  (/usr/local/texlive/2025/texmf-dist/tex/latex/pdflscape/pdflscape-nometadata.st
  y (/usr/local/texlive/2025/texmf-dist/tex/latex/graphics/lscape.sty)))
  (/usr/local/texlive/2025/texmf-dist/tex/latex/tabu/tabu.sty
  (/usr/local/texlive/2025/texmf-dist/tex/latex/varwidth/varwidth.sty))
  (/usr/local/texlive/2025/texmf-dist/tex/latex/threeparttable/threeparttable.sty
  )
  (/usr/local/texlive/2025/texmf-dist/tex/latex/threeparttablex/threeparttablex.s
  ty (/usr/local/texlive/2025/texmf-dist/tex/latex/environ/environ.sty
  (/usr/local/texlive/2025/texmf-dist/tex/latex/trimspaces/trimspaces.sty)))
  (/usr/local/texlive/2025/texmf-dist/tex/generic/ulem/ulem.sty)
  (/usr/local/texlive/2025/texmf-dist/tex/latex/makecell/makecell.sty)
  (/usr/local/texlive/2025/texmf-dist/tex/latex/caption/caption.sty
  (/usr/local/texlive/2025/texmf-dist/tex/latex/caption/caption3.sty
  (/usr/local/texlive/2025/texmf-dist/tex/latex/caption/caption-koma.sto))
  (/usr/local/texlive/2025/texmf-dist/tex/latex/caption/ltcaption.sty))
  (/usr/local/texlive/2025/texmf-dist/tex/latex/anyfontsize/anyfontsize.sty)
  (/usr/local/texlive/2025/texmf-dist/tex/generic/babel/babel.sty
  (/usr/local/texlive/2025/texmf-dist/tex/generic/babel/xebabel.def)
  (/usr/local/texlive/2025/texmf-dist/tex/generic/babel-french/french.ldf))
  (/usr/local/texlive/2025/texmf-dist/tex/generic/babel/locale/fr/babel-french.te
  x) (/usr/local/texlive/2025/texmf-dist/tex/latex/carlisle/scalefnt.sty)
  (/usr/local/texlive/2025/texmf-dist/tex/latex/listings/listings.sty
  (/usr/local/texlive/2025/texmf-dist/tex/latex/listings/lstpatch.sty)
  (/usr/local/texlive/2025/texmf-dist/tex/latex/listings/lstmisc.sty)
  (/usr/local/texlive/2025/texmf-dist/tex/latex/listings/listings.cfg))
  (/usr/local/texlive/2025/texmf-dist/tex/latex/listings/lstlang1.sty)
  (/usr/local/texlive/2025/texmf-dist/tex/latex/listings/lstlang2.sty)
  (/usr/local/texlive/2025/texmf-dist/tex/latex/listings/lstlang3.sty)
  (/usr/local/texlive/2025/texmf-dist/tex/latex/fvextra/fvextra.sty
  (/usr/local/texlive/2025/texmf-dist/tex/generic/pdftexcmds/pdftexcmds.sty
  (/usr/local/texlive/2025/texmf-dist/tex/generic/infwarerr/infwarerr.sty)
  (/usr/local/texlive/2025/texmf-dist/tex/generic/ltxcmds/ltxcmds.sty))
  (/usr/local/texlive/2025/texmf-dist/tex/latex/lineno/lineno.sty
  (/usr/local/texlive/2025/texmf-dist/tex/latex/kvoptions/kvoptions.sty
  (/usr/local/texlive/2025/texmf-dist/tex/latex/kvsetkeys/kvsetkeys.sty))))
  (/usr/local/texlive/2025/texmf-dist/tex/latex/placeins/placeins.sty)
  (/usr/local/texlive/2025/texmf-dist/tex/latex/needspace/needspace.sty)
  (/usr/local/texlive/2025/texmf-dist/tex/latex/enumitem/enumitem.sty)
  (/usr/local/texlive/2025/texmf-dist/tex/latex/tcolorbox/tcolorbox.sty
  (/usr/local/texlive/2025/texmf-dist/tex/latex/pgf/frontendlayer/tikz.sty
  (/usr/local/texlive/2025/texmf-dist/tex/latex/pgf/basiclayer/pgf.sty
  (/usr/local/texlive/2025/texmf-dist/tex/latex/pgf/utilities/pgfrcs.sty
  (/usr/local/texlive/2025/texmf-dist/tex/generic/pgf/utilities/pgfutil-common.te
  x)
  (/usr/local/texlive/2025/texmf-dist/tex/generic/pgf/utilities/pgfutil-latex.def
  ) (/usr/local/texlive/2025/texmf-dist/tex/generic/pgf/utilities/pgfrcs.code.tex
  (/usr/local/texlive/2025/texmf-dist/tex/generic/pgf/pgf.revision.tex)))
  (/usr/local/texlive/2025/texmf-dist/tex/latex/pgf/basiclayer/pgfcore.sty
  (/usr/local/texlive/2025/texmf-dist/tex/latex/pgf/systemlayer/pgfsys.sty
  (/usr/local/texlive/2025/texmf-dist/tex/generic/pgf/systemlayer/pgfsys.code.tex
  (/usr/local/texlive/2025/texmf-dist/tex/generic/pgf/utilities/pgfkeys.code.tex
  (/usr/local/texlive/2025/texmf-dist/tex/generic/pgf/utilities/pgfkeyslibraryfil
  tered.code.tex))
  (/usr/local/texlive/2025/texmf-dist/tex/generic/pgf/systemlayer/pgf.cfg)
  (/usr/local/texlive/2025/texmf-dist/tex/generic/pgf/systemlayer/pgfsys-xetex.de
  f
  (/usr/local/texlive/2025/texmf-dist/tex/generic/pgf/systemlayer/pgfsys-dvipdfmx
  .def
  (/usr/local/texlive/2025/texmf-dist/tex/generic/pgf/systemlayer/pgfsys-common-p
  df.def))))
  (/usr/local/texlive/2025/texmf-dist/tex/generic/pgf/systemlayer/pgfsyssoftpath.
  code.tex)
  (/usr/local/texlive/2025/texmf-dist/tex/generic/pgf/systemlayer/pgfsysprotocol.
  code.tex))
  (/usr/local/texlive/2025/texmf-dist/tex/generic/pgf/basiclayer/pgfcore.code.tex
  (/usr/local/texlive/2025/texmf-dist/tex/generic/pgf/math/pgfmath.code.tex
  (/usr/local/texlive/2025/texmf-dist/tex/generic/pgf/math/pgfmathutil.code.tex)
  (/usr/local/texlive/2025/texmf-dist/tex/generic/pgf/math/pgfmathparser.code.tex
  )
  (/usr/local/texlive/2025/texmf-dist/tex/generic/pgf/math/pgfmathfunctions.code.
  tex)
  (/usr/local/texlive/2025/texmf-dist/tex/generic/pgf/math/pgfmathfunctions.basic
  .code.tex)
  (/usr/local/texlive/2025/texmf-dist/tex/generic/pgf/math/pgfmathfunctions.trigo
  nometric.code.tex)
  (/usr/local/texlive/2025/texmf-dist/tex/generic/pgf/math/pgfmathfunctions.rando
  m.code.tex)
  (/usr/local/texlive/2025/texmf-dist/tex/generic/pgf/math/pgfmathfunctions.compa
  rison.code.tex)
  (/usr/local/texlive/2025/texmf-dist/tex/generic/pgf/math/pgfmathfunctions.base.
  code.tex)
  (/usr/local/texlive/2025/texmf-dist/tex/generic/pgf/math/pgfmathfunctions.round
  .code.tex)
  (/usr/local/texlive/2025/texmf-dist/tex/generic/pgf/math/pgfmathfunctions.misc.
  code.tex)
  (/usr/local/texlive/2025/texmf-dist/tex/generic/pgf/math/pgfmathfunctions.integ
  erarithmetics.code.tex)
  (/usr/local/texlive/2025/texmf-dist/tex/generic/pgf/math/pgfmathcalc.code.tex)
  (/usr/local/texlive/2025/texmf-dist/tex/generic/pgf/math/pgfmathfloat.code.tex)
  ) (/usr/local/texlive/2025/texmf-dist/tex/generic/pgf/math/pgfint.code.tex)
  (/usr/local/texlive/2025/texmf-dist/tex/generic/pgf/basiclayer/pgfcorepoints.co
  de.tex)
  (/usr/local/texlive/2025/texmf-dist/tex/generic/pgf/basiclayer/pgfcorepathconst
  ruct.code.tex)
  (/usr/local/texlive/2025/texmf-dist/tex/generic/pgf/basiclayer/pgfcorepathusage
  .code.tex)
  (/usr/local/texlive/2025/texmf-dist/tex/generic/pgf/basiclayer/pgfcorescopes.co
  de.tex)
  (/usr/local/texlive/2025/texmf-dist/tex/generic/pgf/basiclayer/pgfcoregraphicst
  ate.code.tex)
  (/usr/local/texlive/2025/texmf-dist/tex/generic/pgf/basiclayer/pgfcoretransform
  ations.code.tex)
  (/usr/local/texlive/2025/texmf-dist/tex/generic/pgf/basiclayer/pgfcorequick.cod
  e.tex)
  (/usr/local/texlive/2025/texmf-dist/tex/generic/pgf/basiclayer/pgfcoreobjects.c
  ode.tex)
  (/usr/local/texlive/2025/texmf-dist/tex/generic/pgf/basiclayer/pgfcorepathproce
  ssing.code.tex)
  (/usr/local/texlive/2025/texmf-dist/tex/generic/pgf/basiclayer/pgfcorearrows.co
  de.tex)
  (/usr/local/texlive/2025/texmf-dist/tex/generic/pgf/basiclayer/pgfcoreshade.cod
  e.tex)
  (/usr/local/texlive/2025/texmf-dist/tex/generic/pgf/basiclayer/pgfcoreimage.cod
  e.tex)
  (/usr/local/texlive/2025/texmf-dist/tex/generic/pgf/basiclayer/pgfcoreexternal.
  code.tex)
  (/usr/local/texlive/2025/texmf-dist/tex/generic/pgf/basiclayer/pgfcorelayers.co
  de.tex)
  (/usr/local/texlive/2025/texmf-dist/tex/generic/pgf/basiclayer/pgfcoretranspare
  ncy.code.tex)
  (/usr/local/texlive/2025/texmf-dist/tex/generic/pgf/basiclayer/pgfcorepatterns.
  code.tex)
  (/usr/local/texlive/2025/texmf-dist/tex/generic/pgf/basiclayer/pgfcorerdf.code.
  tex)))
  (/usr/local/texlive/2025/texmf-dist/tex/generic/pgf/modules/pgfmoduleshapes.cod
  e.tex)
  (/usr/local/texlive/2025/texmf-dist/tex/generic/pgf/modules/pgfmoduleplot.code.
  tex)
  (/usr/local/texlive/2025/texmf-dist/tex/latex/pgf/compatibility/pgfcomp-version
  -0-65.sty)
  (/usr/local/texlive/2025/texmf-dist/tex/latex/pgf/compatibility/pgfcomp-version
  -1-18.sty))
  (/usr/local/texlive/2025/texmf-dist/tex/latex/pgf/utilities/pgffor.sty
  (/usr/local/texlive/2025/texmf-dist/tex/latex/pgf/utilities/pgfkeys.sty
  (/usr/local/texlive/2025/texmf-dist/tex/generic/pgf/utilities/pgfkeys.code.tex)
  ) (/usr/local/texlive/2025/texmf-dist/tex/latex/pgf/math/pgfmath.sty
  (/usr/local/texlive/2025/texmf-dist/tex/generic/pgf/math/pgfmath.code.tex))
  (/usr/local/texlive/2025/texmf-dist/tex/generic/pgf/utilities/pgffor.code.tex))
  
  (/usr/local/texlive/2025/texmf-dist/tex/generic/pgf/frontendlayer/tikz/tikz.cod
  e.tex
  (/usr/local/texlive/2025/texmf-dist/tex/generic/pgf/libraries/pgflibraryplothan
  dlers.code.tex)
  (/usr/local/texlive/2025/texmf-dist/tex/generic/pgf/modules/pgfmodulematrix.cod
  e.tex)
  (/usr/local/texlive/2025/texmf-dist/tex/generic/pgf/frontendlayer/tikz/librarie
  s/tikzlibrarytopaths.code.tex)))
  (/usr/local/texlive/2025/texmf-dist/tex/latex/tools/verbatim.sty)
  (/usr/local/texlive/2025/texmf-dist/tex/latex/tcolorbox/tcbraster.code.tex
  Library (tcolorbox): 'tcbraster.code.tex' version '6.4.1'
  ) (/usr/local/texlive/2025/texmf-dist/tex/latex/tcolorbox/tcbskins.code.tex
  Library (tcolorbox): 'tcbskins.code.tex' version '6.4.1'
  (/usr/local/texlive/2025/texmf-dist/tex/latex/tikzfill/tikzfill.image.sty
  (/usr/local/texlive/2025/texmf-dist/tex/latex/tikzfill/tikzfill-common.sty)
  (/usr/local/texlive/2025/texmf-dist/tex/latex/tikzfill/tikzlibraryfill.image.co
  de.tex))
  (/usr/local/texlive/2025/texmf-dist/tex/latex/tcolorbox/tcbskinsjigsaw.code.tex
  Library (tcolorbox): 'tcbskinsjigsaw.code.tex' version '6.4.1'
  ))
  (/usr/local/texlive/2025/texmf-dist/tex/latex/tcolorbox/tcbbreakable.code.tex
  Library (tcolorbox): 'tcbbreakable.code.tex' version '6.4.1'
  (/usr/local/texlive/2025/texmf-dist/tex/latex/pdfcol/pdfcol.sty))
  (/usr/local/texlive/2025/texmf-dist/tex/latex/tcolorbox/tcbhooks.code.tex
  Library (tcolorbox): 'tcbhooks.code.tex' version '6.4.1'
  ) (/usr/local/texlive/2025/texmf-dist/tex/latex/tcolorbox/tcbtheorems.code.tex
  Library (tcolorbox): 'tcbtheorems.code.tex' version '6.4.1'
  ) (/usr/local/texlive/2025/texmf-dist/tex/latex/tcolorbox/tcbfitting.code.tex
  Library (tcolorbox): 'tcbfitting.code.tex' version '6.4.1'
  )
  (/usr/local/texlive/2025/texmf-dist/tex/latex/tcolorbox/tcblistingsutf8.code.te
  x
  Library (tcolorbox): 'tcblistingsutf8.code.tex' version '6.4.1'
  (/usr/local/texlive/2025/texmf-dist/tex/latex/tcolorbox/tcblistings.code.tex
  Library (tcolorbox): 'tcblistings.code.tex' version '6.4.1'
  
  (/usr/local/texlive/2025/texmf-dist/tex/latex/tcolorbox/tcblistingscore.code.te
  x
  Library (tcolorbox): 'tcblistingscore.code.tex' version '6.4.1'
  (/usr/local/texlive/2025/texmf-dist/tex/latex/tcolorbox/tcbprocessing.code.tex
  Library (tcolorbox): 'tcbprocessing.code.tex' version '6.4.1'
  ))))
  (/usr/local/texlive/2025/texmf-dist/tex/latex/tcolorbox/tcbexternal.code.tex
  Library (tcolorbox): 'tcbexternal.code.tex' version '6.4.1'
  ) (/usr/local/texlive/2025/texmf-dist/tex/latex/tcolorbox/tcbmagazine.code.tex
  Library (tcolorbox): 'tcbmagazine.code.tex' version '6.4.1'
  ) (/usr/local/texlive/2025/texmf-dist/tex/latex/tcolorbox/tcbvignette.code.tex
  Library (tcolorbox): 'tcbvignette.code.tex' version '6.4.1'
  
  (/usr/local/texlive/2025/texmf-dist/tex/generic/pgf/frontendlayer/tikz/librarie
  s/tikzlibraryfadings.code.tex
  (/usr/local/texlive/2025/texmf-dist/tex/generic/pgf/libraries/pgflibraryfadings
  .code.tex)))
  (/usr/local/texlive/2025/texmf-dist/tex/latex/tcolorbox/tcbposter.code.tex
  Library (tcolorbox): 'tcbposter.code.tex' version '6.4.1'
  )) (/usr/local/texlive/2025/texmf-dist/tex/latex/fontawesome5/fontawesome5.sty
  (/usr/local/texlive/2025/texmf-dist/tex/latex/fontawesome5/fontawesome5-utex-he
  lper.sty
  (/usr/local/texlive/2025/texmf-dist/tex/latex/fontawesome5/tufontawesomefree.fd
  )
  (/usr/local/texlive/2025/texmf-dist/tex/latex/fontawesome5/tufontawesomebrands.
  fd))) (/usr/local/texlive/2025/texmf-dist/tex/latex/caption/subcaption.sty)
  (/usr/local/texlive/2025/texmf-dist/tex/latex/bookmark/bookmark.sty
  (/usr/local/texlive/2025/texmf-dist/tex/latex/hyperref/hyperref.sty
  (/usr/local/texlive/2025/texmf-dist/tex/generic/kvdefinekeys/kvdefinekeys.sty)
  (/usr/local/texlive/2025/texmf-dist/tex/generic/pdfescape/pdfescape.sty)
  (/usr/local/texlive/2025/texmf-dist/tex/latex/hycolor/hycolor.sty)
  (/usr/local/texlive/2025/texmf-dist/tex/latex/hyperref/nameref.sty
  (/usr/local/texlive/2025/texmf-dist/tex/latex/refcount/refcount.sty)
  (/usr/local/texlive/2025/texmf-dist/tex/generic/gettitlestring/gettitlestring.s
  ty)) (/usr/local/texlive/2025/texmf-dist/tex/generic/stringenc/stringenc.sty)
  (/usr/local/texlive/2025/texmf-dist/tex/latex/hyperref/pd1enc.def)
  (/usr/local/texlive/2025/texmf-dist/tex/generic/intcalc/intcalc.sty)
  (/usr/local/texlive/2025/texmf-dist/tex/latex/hyperref/puenc.def)
  (/usr/local/texlive/2025/texmf-dist/tex/latex/url/url.sty)
  (/usr/local/texlive/2025/texmf-dist/tex/generic/bitset/bitset.sty
  (/usr/local/texlive/2025/texmf-dist/tex/generic/bigintcalc/bigintcalc.sty))
  (/usr/local/texlive/2025/texmf-dist/tex/latex/base/atbegshi-ltx.sty))
  (/usr/local/texlive/2025/texmf-dist/tex/latex/hyperref/hxetex.def
  (/usr/local/texlive/2025/texmf-dist/tex/latex/rerunfilecheck/rerunfilecheck.sty
  (/usr/local/texlive/2025/texmf-dist/tex/latex/base/atveryend-ltx.sty)
  (/usr/local/texlive/2025/texmf-dist/tex/generic/uniquecounter/uniquecounter.sty
  ))) (/usr/local/texlive/2025/texmf-dist/tex/latex/bookmark/bkm-dvipdfm.def))
  (/usr/local/texlive/2025/texmf-dist/tex/latex/xurl/xurl.sty)
  No file devoir_epidemio.aux.
  *geometry* driver: auto-detecting
  *geometry* detected driver: xetex
  
  (/usr/local/texlive/2025/texmf-dist/tex/latex/microtype/mt-LatinModernRoman.cfg
  )
  
  Package hyperref Warning: Rerun to get /PageLabels entry.
  
  No file devoir_epidemio.toc.
  
  [1] (/usr/local/texlive/2025/texmf-dist/tex/latex/microtype/mt-TU-empty.cfg)
  [2] (/usr/local/texlive/2025/texmf-dist/tex/latex/lm/omllmm.fd)
  (/usr/local/texlive/2025/texmf-dist/tex/latex/amsfonts/umsa.fd)
  (/usr/local/texlive/2025/texmf-dist/tex/latex/microtype/mt-msa.cfg)
  (/usr/local/texlive/2025/texmf-dist/tex/latex/amsfonts/umsb.fd)
  (/usr/local/texlive/2025/texmf-dist/tex/latex/microtype/mt-msb.cfg)
  
  Package natbib Warning: Citation `connorsEffectivenessRightHeart1996' on page 3
   undefined on input line 410.
  
  
  [3]
  [4] [5]
  [6]
  [7]
  [8]
  
  Package longtable Warning: Column widths have changed
  (longtable)                in table 4 on input line 714.
  
  [9]
  [10]
  [11]
  [12]
  [13]
  
  Package longtable Warning: Column widths have changed
  (longtable)                in table 6 on input line 967.
  
  
  [14]
  
  Package longtable Warning: Column widths have changed
  (longtable)                in table 7 on input line 1020.
  
  
  [15]
  
  Package longtable Warning: Column widths have changed
  (longtable)                in table 8 on input line 1068.
  
  
  [16]
  [17]
  [18]
  [19]
  [20]
  
  Package longtable Warning: Column widths have changed
  (longtable)                in table 13 on input line 1320.
  
  
  [21]
  [22]
  [23]
  
  Package longtable Warning: Column widths have changed
  (longtable)                in table 14 on input line 1581.
  
  [24]
  [25]
  
  Package longtable Warning: Column widths have changed
  (longtable)                in table 15 on input line 1647.
  
  
  [26]
  [27]
  [28]
  
  Package natbib Warning: Citation `eisetConsiderationsUsingMultiple2022a' on pag
  e 29 undefined on input line 1785.
  
  
  Package natbib Warning: Citation `austinOptimalCaliperWidths2011' on page 29 un
  defined on input line 1829.
  
  
  [29]
  
  Package natbib Warning: Citation `garridoMethodsConstructingAssessing2014' on p
  age 30 undefined on input line 1847.
  
  
  Package natbib Warning: Citation `zhangBalanceDiagnosticsPropensity2019' on pag
  e 30 undefined on input line 1848.
  
  
  Package natbib Warning: Citation `austinBalanceDiagnosticsComparing2009' on pag
  e 30 undefined on input line 1849.
  
  
  Package natbib Warning: Citation `stuartPrognosticScoreBased2013' on page 30 un
  defined on input line 1850.
  
  
  Package natbib Warning: Citation `imaiMisunderstandingsExperimentalistsObservat
  ionalists2008' on page 30 undefined on input line 1852.
  
  
  [30]
  [31]
  [32]
  [33]
  
  Package longtable Warning: Column widths have changed
  (longtable)                in table 18 on input line 2053.
  
  
  Package natbib Warning: Citation `pikeBiasEfficiencyLogistic1980a' on page 34 u
  ndefined on input line 2087.
  
  
  Package natbib Warning: Citation `wanMatchedUnmatchedAnalysis2021' on page 34 u
  ndefined on input line 2088.
  
  
  Package natbib Warning: Citation `iwagamiIntroductionMatchingCaseControl2022' o
  n page 34 undefined on input line 2089.
  
  
  [34]
  
  Package longtable Warning: Column widths have changed
  (longtable)                in table 19 on input line 2107.
  
  
  Package natbib Warning: Citation `austinUsePropensityScore2014' on page 35 unde
  fined on input line 2146.
  
  
  [35]
  
  Package longtable Warning: Column widths have changed
  (longtable)                in table 20 on input line 2187.
  
  
  Package longtable Warning: Column widths have changed
  (longtable)                in table 21 on input line 2217.
  
  
  [36]
  [37]
  
  Package longtable Warning: Column widths have changed
  (longtable)                in table 22 on input line 2351.
  
  
  [38]
  [39]
  Underfull \vbox (badness 10000) detected at line 2486
  
  Underfull \vbox (badness 10000) detected at line 2486
  
  [40]
  [41]
  [42]
  No file devoir_epidemio.bbl.
  
  [43]
  
  Package longtable Warning: Column widths have changed
  (longtable)                in table 24 on input line 2688.
  
  [44]
  [45]
  [46]
  [47]
  [48]
  [49]
  [50]
  [51]
  [52]
  [53]
  [54]
  [55]
  [56]
  [57]
  [58]
  [59]
  [60]
  [61]
  [62]
  [63]
  [64]
  [65]
  [66]
  [67]
  [68]
  [69]
  [70]
  [71]
  [72]
  [73]
  [74]
  
  Package natbib Warning: There were undefined citations.
  
  
  Package longtable Warning: Table widths have changed. Rerun LaTeX.
  
  
  [75] (./devoir_epidemio.aux)
  
  LaTeX Warning: Label(s) may have changed. Rerun to get cross-references right.
  
   )
  (see the transcript file for additional information)
  Output written on devoir_epidemio.pdf (75 pages).
  Transcript written on devoir_epidemio.log.
  
[1m[34mgenerating bibliography[39m[22m
  This is BibTeX, Version 0.99d (TeX Live 2025)
  The top-level auxiliary file: devoir_epidemio.aux
  The style file: unsrtnat.bst
  Database file #1: /Users/thomashusson/Documents/Projets/M2biostatistiques/Biblio/biblio-zotero.bib
  
[1m[34mrunning xelatex - 2[39m[22m
  This is XeTeX, Version 3.141592653-2.6-0.999997 (TeX Live 2025) (preloaded format=xelatex)
   restricted \write18 enabled.
  entering extended mode
  (./devoir_epidemio.tex
  LaTeX2e <2024-11-01> patch level 2
  L3 programming layer <2025-01-18>
  (/usr/local/texlive/2025/texmf-dist/tex/latex/koma-script/scrartcl.cls
  Document Class: scrartcl 2024/10/24 v3.43 KOMA-Script document class (article)
  (/usr/local/texlive/2025/texmf-dist/tex/latex/koma-script/scrkbase.sty
  (/usr/local/texlive/2025/texmf-dist/tex/latex/koma-script/scrbase.sty
  (/usr/local/texlive/2025/texmf-dist/tex/latex/koma-script/scrlfile.sty
  (/usr/local/texlive/2025/texmf-dist/tex/latex/koma-script/scrlfile-hook.sty
  (/usr/local/texlive/2025/texmf-dist/tex/latex/koma-script/scrlogo.sty)))
  (/usr/local/texlive/2025/texmf-dist/tex/latex/graphics/keyval.sty)))
  (/usr/local/texlive/2025/texmf-dist/tex/latex/koma-script/tocbasic.sty)
  (/usr/local/texlive/2025/texmf-dist/tex/latex/koma-script/scrsize11pt.clo)
  (/usr/local/texlive/2025/texmf-dist/tex/latex/koma-script/typearea.sty))
  (/usr/local/texlive/2025/texmf-dist/tex/latex/xcolor/xcolor.sty
  (/usr/local/texlive/2025/texmf-dist/tex/latex/graphics-cfg/color.cfg)
  (/usr/local/texlive/2025/texmf-dist/tex/latex/graphics-def/xetex.def)
  (/usr/local/texlive/2025/texmf-dist/tex/latex/graphics/mathcolor.ltx))
  (/usr/local/texlive/2025/texmf-dist/tex/latex/graphics/dvipsnam.def)
  (/usr/local/texlive/2025/texmf-dist/tex/latex/xcolor/svgnam.def)
  (/usr/local/texlive/2025/texmf-dist/tex/latex/xcolor/x11nam.def)
  (/usr/local/texlive/2025/texmf-dist/tex/latex/geometry/geometry.sty
  (/usr/local/texlive/2025/texmf-dist/tex/generic/iftex/ifvtex.sty
  (/usr/local/texlive/2025/texmf-dist/tex/generic/iftex/iftex.sty)))
  (/usr/local/texlive/2025/texmf-dist/tex/latex/amsmath/amsmath.sty
  For additional information on amsmath, use the `?' option.
  (/usr/local/texlive/2025/texmf-dist/tex/latex/amsmath/amstext.sty
  (/usr/local/texlive/2025/texmf-dist/tex/latex/amsmath/amsgen.sty))
  (/usr/local/texlive/2025/texmf-dist/tex/latex/amsmath/amsbsy.sty)
  (/usr/local/texlive/2025/texmf-dist/tex/latex/amsmath/amsopn.sty))
  (/usr/local/texlive/2025/texmf-dist/tex/latex/amsfonts/amssymb.sty
  (/usr/local/texlive/2025/texmf-dist/tex/latex/amsfonts/amsfonts.sty))
  (/usr/local/texlive/2025/texmf-dist/tex/latex/unicode-math/unicode-math.sty
  (/usr/local/texlive/2025/texmf-dist/tex/latex/l3kernel/expl3.sty
  (/usr/local/texlive/2025/texmf-dist/tex/latex/l3backend/l3backend-xetex.def))
  (/usr/local/texlive/2025/texmf-dist/tex/latex/unicode-math/unicode-math-xetex.s
  ty (/usr/local/texlive/2025/texmf-dist/tex/latex/l3packages/xparse/xparse.sty)
  (/usr/local/texlive/2025/texmf-dist/tex/latex/l3packages/l3keys2e/l3keys2e.sty)
   (/usr/local/texlive/2025/texmf-dist/tex/latex/fontspec/fontspec.sty
  (/usr/local/texlive/2025/texmf-dist/tex/latex/fontspec/fontspec-xetex.sty
  (/usr/local/texlive/2025/texmf-dist/tex/latex/base/fontenc.sty)
  (/usr/local/texlive/2025/texmf-dist/tex/latex/fontspec/fontspec.cfg)))
  (/usr/local/texlive/2025/texmf-dist/tex/latex/base/fix-cm.sty
  (/usr/local/texlive/2025/texmf-dist/tex/latex/base/ts1enc.def))
  (/usr/local/texlive/2025/texmf-dist/tex/latex/unicode-math/unicode-math-table.t
  ex))) (/usr/local/texlive/2025/texmf-dist/tex/latex/lm/lmodern.sty)
  (/usr/local/texlive/2025/texmf-dist/tex/latex/upquote/upquote.sty
  (/usr/local/texlive/2025/texmf-dist/tex/latex/base/textcomp.sty))
  (/usr/local/texlive/2025/texmf-dist/tex/latex/microtype/microtype.sty
  (/usr/local/texlive/2025/texmf-dist/tex/latex/etoolbox/etoolbox.sty)
  (/usr/local/texlive/2025/texmf-dist/tex/latex/microtype/microtype-xetex.def)
  (/usr/local/texlive/2025/texmf-dist/tex/latex/microtype/microtype.cfg))
  (/usr/local/texlive/2025/texmf-dist/tex/latex/fancyvrb/fancyvrb.sty)
  (/usr/local/texlive/2025/texmf-dist/tex/latex/framed/framed.sty)
  (/usr/local/texlive/2025/texmf-dist/tex/latex/tools/longtable.sty)
  (/usr/local/texlive/2025/texmf-dist/tex/latex/booktabs/booktabs.sty)
  (/usr/local/texlive/2025/texmf-dist/tex/latex/tools/array.sty)
  (/usr/local/texlive/2025/texmf-dist/tex/latex/tools/calc.sty)
  (/usr/local/texlive/2025/texmf-dist/tex/latex/footnotehyper/footnotehyper.sty)
  (/usr/local/texlive/2025/texmf-dist/tex/latex/graphics/graphicx.sty
  (/usr/local/texlive/2025/texmf-dist/tex/latex/graphics/graphics.sty
  (/usr/local/texlive/2025/texmf-dist/tex/latex/graphics/trig.sty)
  (/usr/local/texlive/2025/texmf-dist/tex/latex/graphics-cfg/graphics.cfg)))
  (/usr/local/texlive/2025/texmf-dist/tex/latex/natbib/natbib.sty)
  (/usr/local/texlive/2025/texmf-dist/tex/latex/multirow/multirow.sty)
  (/usr/local/texlive/2025/texmf-dist/tex/latex/wrapfig/wrapfig.sty)
  (/usr/local/texlive/2025/texmf-dist/tex/latex/float/float.sty)
  (/usr/local/texlive/2025/texmf-dist/tex/latex/colortbl/colortbl.sty)
  (/usr/local/texlive/2025/texmf-dist/tex/latex/pdflscape/pdflscape.sty
  (/usr/local/texlive/2025/texmf-dist/tex/latex/pdflscape/pdflscape-nometadata.st
  y (/usr/local/texlive/2025/texmf-dist/tex/latex/graphics/lscape.sty)))
  (/usr/local/texlive/2025/texmf-dist/tex/latex/tabu/tabu.sty
  (/usr/local/texlive/2025/texmf-dist/tex/latex/varwidth/varwidth.sty))
  (/usr/local/texlive/2025/texmf-dist/tex/latex/threeparttable/threeparttable.sty
  )
  (/usr/local/texlive/2025/texmf-dist/tex/latex/threeparttablex/threeparttablex.s
  ty (/usr/local/texlive/2025/texmf-dist/tex/latex/environ/environ.sty
  (/usr/local/texlive/2025/texmf-dist/tex/latex/trimspaces/trimspaces.sty)))
  (/usr/local/texlive/2025/texmf-dist/tex/generic/ulem/ulem.sty)
  (/usr/local/texlive/2025/texmf-dist/tex/latex/makecell/makecell.sty)
  (/usr/local/texlive/2025/texmf-dist/tex/latex/caption/caption.sty
  (/usr/local/texlive/2025/texmf-dist/tex/latex/caption/caption3.sty
  (/usr/local/texlive/2025/texmf-dist/tex/latex/caption/caption-koma.sto))
  (/usr/local/texlive/2025/texmf-dist/tex/latex/caption/ltcaption.sty))
  (/usr/local/texlive/2025/texmf-dist/tex/latex/anyfontsize/anyfontsize.sty)
  (/usr/local/texlive/2025/texmf-dist/tex/generic/babel/babel.sty
  (/usr/local/texlive/2025/texmf-dist/tex/generic/babel/xebabel.def)
  (/usr/local/texlive/2025/texmf-dist/tex/generic/babel-french/french.ldf))
  (/usr/local/texlive/2025/texmf-dist/tex/generic/babel/locale/fr/babel-french.te
  x) (/usr/local/texlive/2025/texmf-dist/tex/latex/carlisle/scalefnt.sty)
  (/usr/local/texlive/2025/texmf-dist/tex/latex/listings/listings.sty
  (/usr/local/texlive/2025/texmf-dist/tex/latex/listings/lstpatch.sty)
  (/usr/local/texlive/2025/texmf-dist/tex/latex/listings/lstmisc.sty)
  (/usr/local/texlive/2025/texmf-dist/tex/latex/listings/listings.cfg))
  (/usr/local/texlive/2025/texmf-dist/tex/latex/listings/lstlang1.sty)
  (/usr/local/texlive/2025/texmf-dist/tex/latex/listings/lstlang2.sty)
  (/usr/local/texlive/2025/texmf-dist/tex/latex/listings/lstlang3.sty)
  (/usr/local/texlive/2025/texmf-dist/tex/latex/fvextra/fvextra.sty
  (/usr/local/texlive/2025/texmf-dist/tex/generic/pdftexcmds/pdftexcmds.sty
  (/usr/local/texlive/2025/texmf-dist/tex/generic/infwarerr/infwarerr.sty)
  (/usr/local/texlive/2025/texmf-dist/tex/generic/ltxcmds/ltxcmds.sty))
  (/usr/local/texlive/2025/texmf-dist/tex/latex/lineno/lineno.sty
  (/usr/local/texlive/2025/texmf-dist/tex/latex/kvoptions/kvoptions.sty
  (/usr/local/texlive/2025/texmf-dist/tex/latex/kvsetkeys/kvsetkeys.sty))))
  (/usr/local/texlive/2025/texmf-dist/tex/latex/placeins/placeins.sty)
  (/usr/local/texlive/2025/texmf-dist/tex/latex/needspace/needspace.sty)
  (/usr/local/texlive/2025/texmf-dist/tex/latex/enumitem/enumitem.sty)
  (/usr/local/texlive/2025/texmf-dist/tex/latex/tcolorbox/tcolorbox.sty
  (/usr/local/texlive/2025/texmf-dist/tex/latex/pgf/frontendlayer/tikz.sty
  (/usr/local/texlive/2025/texmf-dist/tex/latex/pgf/basiclayer/pgf.sty
  (/usr/local/texlive/2025/texmf-dist/tex/latex/pgf/utilities/pgfrcs.sty
  (/usr/local/texlive/2025/texmf-dist/tex/generic/pgf/utilities/pgfutil-common.te
  x)
  (/usr/local/texlive/2025/texmf-dist/tex/generic/pgf/utilities/pgfutil-latex.def
  ) (/usr/local/texlive/2025/texmf-dist/tex/generic/pgf/utilities/pgfrcs.code.tex
  (/usr/local/texlive/2025/texmf-dist/tex/generic/pgf/pgf.revision.tex)))
  (/usr/local/texlive/2025/texmf-dist/tex/latex/pgf/basiclayer/pgfcore.sty
  (/usr/local/texlive/2025/texmf-dist/tex/latex/pgf/systemlayer/pgfsys.sty
  (/usr/local/texlive/2025/texmf-dist/tex/generic/pgf/systemlayer/pgfsys.code.tex
  (/usr/local/texlive/2025/texmf-dist/tex/generic/pgf/utilities/pgfkeys.code.tex
  (/usr/local/texlive/2025/texmf-dist/tex/generic/pgf/utilities/pgfkeyslibraryfil
  tered.code.tex))
  (/usr/local/texlive/2025/texmf-dist/tex/generic/pgf/systemlayer/pgf.cfg)
  (/usr/local/texlive/2025/texmf-dist/tex/generic/pgf/systemlayer/pgfsys-xetex.de
  f
  (/usr/local/texlive/2025/texmf-dist/tex/generic/pgf/systemlayer/pgfsys-dvipdfmx
  .def
  (/usr/local/texlive/2025/texmf-dist/tex/generic/pgf/systemlayer/pgfsys-common-p
  df.def))))
  (/usr/local/texlive/2025/texmf-dist/tex/generic/pgf/systemlayer/pgfsyssoftpath.
  code.tex)
  (/usr/local/texlive/2025/texmf-dist/tex/generic/pgf/systemlayer/pgfsysprotocol.
  code.tex))
  (/usr/local/texlive/2025/texmf-dist/tex/generic/pgf/basiclayer/pgfcore.code.tex
  (/usr/local/texlive/2025/texmf-dist/tex/generic/pgf/math/pgfmath.code.tex
  (/usr/local/texlive/2025/texmf-dist/tex/generic/pgf/math/pgfmathutil.code.tex)
  (/usr/local/texlive/2025/texmf-dist/tex/generic/pgf/math/pgfmathparser.code.tex
  )
  (/usr/local/texlive/2025/texmf-dist/tex/generic/pgf/math/pgfmathfunctions.code.
  tex)
  (/usr/local/texlive/2025/texmf-dist/tex/generic/pgf/math/pgfmathfunctions.basic
  .code.tex)
  (/usr/local/texlive/2025/texmf-dist/tex/generic/pgf/math/pgfmathfunctions.trigo
  nometric.code.tex)
  (/usr/local/texlive/2025/texmf-dist/tex/generic/pgf/math/pgfmathfunctions.rando
  m.code.tex)
  (/usr/local/texlive/2025/texmf-dist/tex/generic/pgf/math/pgfmathfunctions.compa
  rison.code.tex)
  (/usr/local/texlive/2025/texmf-dist/tex/generic/pgf/math/pgfmathfunctions.base.
  code.tex)
  (/usr/local/texlive/2025/texmf-dist/tex/generic/pgf/math/pgfmathfunctions.round
  .code.tex)
  (/usr/local/texlive/2025/texmf-dist/tex/generic/pgf/math/pgfmathfunctions.misc.
  code.tex)
  (/usr/local/texlive/2025/texmf-dist/tex/generic/pgf/math/pgfmathfunctions.integ
  erarithmetics.code.tex)
  (/usr/local/texlive/2025/texmf-dist/tex/generic/pgf/math/pgfmathcalc.code.tex)
  (/usr/local/texlive/2025/texmf-dist/tex/generic/pgf/math/pgfmathfloat.code.tex)
  ) (/usr/local/texlive/2025/texmf-dist/tex/generic/pgf/math/pgfint.code.tex)
  (/usr/local/texlive/2025/texmf-dist/tex/generic/pgf/basiclayer/pgfcorepoints.co
  de.tex)
  (/usr/local/texlive/2025/texmf-dist/tex/generic/pgf/basiclayer/pgfcorepathconst
  ruct.code.tex)
  (/usr/local/texlive/2025/texmf-dist/tex/generic/pgf/basiclayer/pgfcorepathusage
  .code.tex)
  (/usr/local/texlive/2025/texmf-dist/tex/generic/pgf/basiclayer/pgfcorescopes.co
  de.tex)
  (/usr/local/texlive/2025/texmf-dist/tex/generic/pgf/basiclayer/pgfcoregraphicst
  ate.code.tex)
  (/usr/local/texlive/2025/texmf-dist/tex/generic/pgf/basiclayer/pgfcoretransform
  ations.code.tex)
  (/usr/local/texlive/2025/texmf-dist/tex/generic/pgf/basiclayer/pgfcorequick.cod
  e.tex)
  (/usr/local/texlive/2025/texmf-dist/tex/generic/pgf/basiclayer/pgfcoreobjects.c
  ode.tex)
  (/usr/local/texlive/2025/texmf-dist/tex/generic/pgf/basiclayer/pgfcorepathproce
  ssing.code.tex)
  (/usr/local/texlive/2025/texmf-dist/tex/generic/pgf/basiclayer/pgfcorearrows.co
  de.tex)
  (/usr/local/texlive/2025/texmf-dist/tex/generic/pgf/basiclayer/pgfcoreshade.cod
  e.tex)
  (/usr/local/texlive/2025/texmf-dist/tex/generic/pgf/basiclayer/pgfcoreimage.cod
  e.tex)
  (/usr/local/texlive/2025/texmf-dist/tex/generic/pgf/basiclayer/pgfcoreexternal.
  code.tex)
  (/usr/local/texlive/2025/texmf-dist/tex/generic/pgf/basiclayer/pgfcorelayers.co
  de.tex)
  (/usr/local/texlive/2025/texmf-dist/tex/generic/pgf/basiclayer/pgfcoretranspare
  ncy.code.tex)
  (/usr/local/texlive/2025/texmf-dist/tex/generic/pgf/basiclayer/pgfcorepatterns.
  code.tex)
  (/usr/local/texlive/2025/texmf-dist/tex/generic/pgf/basiclayer/pgfcorerdf.code.
  tex)))
  (/usr/local/texlive/2025/texmf-dist/tex/generic/pgf/modules/pgfmoduleshapes.cod
  e.tex)
  (/usr/local/texlive/2025/texmf-dist/tex/generic/pgf/modules/pgfmoduleplot.code.
  tex)
  (/usr/local/texlive/2025/texmf-dist/tex/latex/pgf/compatibility/pgfcomp-version
  -0-65.sty)
  (/usr/local/texlive/2025/texmf-dist/tex/latex/pgf/compatibility/pgfcomp-version
  -1-18.sty))
  (/usr/local/texlive/2025/texmf-dist/tex/latex/pgf/utilities/pgffor.sty
  (/usr/local/texlive/2025/texmf-dist/tex/latex/pgf/utilities/pgfkeys.sty
  (/usr/local/texlive/2025/texmf-dist/tex/generic/pgf/utilities/pgfkeys.code.tex)
  ) (/usr/local/texlive/2025/texmf-dist/tex/latex/pgf/math/pgfmath.sty
  (/usr/local/texlive/2025/texmf-dist/tex/generic/pgf/math/pgfmath.code.tex))
  (/usr/local/texlive/2025/texmf-dist/tex/generic/pgf/utilities/pgffor.code.tex))
  
  (/usr/local/texlive/2025/texmf-dist/tex/generic/pgf/frontendlayer/tikz/tikz.cod
  e.tex
  (/usr/local/texlive/2025/texmf-dist/tex/generic/pgf/libraries/pgflibraryplothan
  dlers.code.tex)
  (/usr/local/texlive/2025/texmf-dist/tex/generic/pgf/modules/pgfmodulematrix.cod
  e.tex)
  (/usr/local/texlive/2025/texmf-dist/tex/generic/pgf/frontendlayer/tikz/librarie
  s/tikzlibrarytopaths.code.tex)))
  (/usr/local/texlive/2025/texmf-dist/tex/latex/tools/verbatim.sty)
  (/usr/local/texlive/2025/texmf-dist/tex/latex/tcolorbox/tcbraster.code.tex
  Library (tcolorbox): 'tcbraster.code.tex' version '6.4.1'
  ) (/usr/local/texlive/2025/texmf-dist/tex/latex/tcolorbox/tcbskins.code.tex
  Library (tcolorbox): 'tcbskins.code.tex' version '6.4.1'
  (/usr/local/texlive/2025/texmf-dist/tex/latex/tikzfill/tikzfill.image.sty
  (/usr/local/texlive/2025/texmf-dist/tex/latex/tikzfill/tikzfill-common.sty)
  (/usr/local/texlive/2025/texmf-dist/tex/latex/tikzfill/tikzlibraryfill.image.co
  de.tex))
  (/usr/local/texlive/2025/texmf-dist/tex/latex/tcolorbox/tcbskinsjigsaw.code.tex
  Library (tcolorbox): 'tcbskinsjigsaw.code.tex' version '6.4.1'
  ))
  (/usr/local/texlive/2025/texmf-dist/tex/latex/tcolorbox/tcbbreakable.code.tex
  Library (tcolorbox): 'tcbbreakable.code.tex' version '6.4.1'
  (/usr/local/texlive/2025/texmf-dist/tex/latex/pdfcol/pdfcol.sty))
  (/usr/local/texlive/2025/texmf-dist/tex/latex/tcolorbox/tcbhooks.code.tex
  Library (tcolorbox): 'tcbhooks.code.tex' version '6.4.1'
  ) (/usr/local/texlive/2025/texmf-dist/tex/latex/tcolorbox/tcbtheorems.code.tex
  Library (tcolorbox): 'tcbtheorems.code.tex' version '6.4.1'
  ) (/usr/local/texlive/2025/texmf-dist/tex/latex/tcolorbox/tcbfitting.code.tex
  Library (tcolorbox): 'tcbfitting.code.tex' version '6.4.1'
  )
  (/usr/local/texlive/2025/texmf-dist/tex/latex/tcolorbox/tcblistingsutf8.code.te
  x
  Library (tcolorbox): 'tcblistingsutf8.code.tex' version '6.4.1'
  (/usr/local/texlive/2025/texmf-dist/tex/latex/tcolorbox/tcblistings.code.tex
  Library (tcolorbox): 'tcblistings.code.tex' version '6.4.1'
  
  (/usr/local/texlive/2025/texmf-dist/tex/latex/tcolorbox/tcblistingscore.code.te
  x
  Library (tcolorbox): 'tcblistingscore.code.tex' version '6.4.1'
  (/usr/local/texlive/2025/texmf-dist/tex/latex/tcolorbox/tcbprocessing.code.tex
  Library (tcolorbox): 'tcbprocessing.code.tex' version '6.4.1'
  ))))
  (/usr/local/texlive/2025/texmf-dist/tex/latex/tcolorbox/tcbexternal.code.tex
  Library (tcolorbox): 'tcbexternal.code.tex' version '6.4.1'
  ) (/usr/local/texlive/2025/texmf-dist/tex/latex/tcolorbox/tcbmagazine.code.tex
  Library (tcolorbox): 'tcbmagazine.code.tex' version '6.4.1'
  ) (/usr/local/texlive/2025/texmf-dist/tex/latex/tcolorbox/tcbvignette.code.tex
  Library (tcolorbox): 'tcbvignette.code.tex' version '6.4.1'
  
  (/usr/local/texlive/2025/texmf-dist/tex/generic/pgf/frontendlayer/tikz/librarie
  s/tikzlibraryfadings.code.tex
  (/usr/local/texlive/2025/texmf-dist/tex/generic/pgf/libraries/pgflibraryfadings
  .code.tex)))
  (/usr/local/texlive/2025/texmf-dist/tex/latex/tcolorbox/tcbposter.code.tex
  Library (tcolorbox): 'tcbposter.code.tex' version '6.4.1'
  )) (/usr/local/texlive/2025/texmf-dist/tex/latex/fontawesome5/fontawesome5.sty
  (/usr/local/texlive/2025/texmf-dist/tex/latex/fontawesome5/fontawesome5-utex-he
  lper.sty
  (/usr/local/texlive/2025/texmf-dist/tex/latex/fontawesome5/tufontawesomefree.fd
  )
  (/usr/local/texlive/2025/texmf-dist/tex/latex/fontawesome5/tufontawesomebrands.
  fd))) (/usr/local/texlive/2025/texmf-dist/tex/latex/caption/subcaption.sty)
  (/usr/local/texlive/2025/texmf-dist/tex/latex/bookmark/bookmark.sty
  (/usr/local/texlive/2025/texmf-dist/tex/latex/hyperref/hyperref.sty
  (/usr/local/texlive/2025/texmf-dist/tex/generic/kvdefinekeys/kvdefinekeys.sty)
  (/usr/local/texlive/2025/texmf-dist/tex/generic/pdfescape/pdfescape.sty)
  (/usr/local/texlive/2025/texmf-dist/tex/latex/hycolor/hycolor.sty)
  (/usr/local/texlive/2025/texmf-dist/tex/latex/hyperref/nameref.sty
  (/usr/local/texlive/2025/texmf-dist/tex/latex/refcount/refcount.sty)
  (/usr/local/texlive/2025/texmf-dist/tex/generic/gettitlestring/gettitlestring.s
  ty)) (/usr/local/texlive/2025/texmf-dist/tex/generic/stringenc/stringenc.sty)
  (/usr/local/texlive/2025/texmf-dist/tex/latex/hyperref/pd1enc.def)
  (/usr/local/texlive/2025/texmf-dist/tex/generic/intcalc/intcalc.sty)
  (/usr/local/texlive/2025/texmf-dist/tex/latex/hyperref/puenc.def)
  (/usr/local/texlive/2025/texmf-dist/tex/latex/url/url.sty)
  (/usr/local/texlive/2025/texmf-dist/tex/generic/bitset/bitset.sty
  (/usr/local/texlive/2025/texmf-dist/tex/generic/bigintcalc/bigintcalc.sty))
  (/usr/local/texlive/2025/texmf-dist/tex/latex/base/atbegshi-ltx.sty))
  (/usr/local/texlive/2025/texmf-dist/tex/latex/hyperref/hxetex.def
  (/usr/local/texlive/2025/texmf-dist/tex/latex/rerunfilecheck/rerunfilecheck.sty
  (/usr/local/texlive/2025/texmf-dist/tex/latex/base/atveryend-ltx.sty)
  (/usr/local/texlive/2025/texmf-dist/tex/generic/uniquecounter/uniquecounter.sty
  ))) (/usr/local/texlive/2025/texmf-dist/tex/latex/bookmark/bkm-dvipdfm.def))
  (/usr/local/texlive/2025/texmf-dist/tex/latex/xurl/xurl.sty)
  (./devoir_epidemio.aux)
  *geometry* driver: auto-detecting
  *geometry* detected driver: xetex
  
  (/usr/local/texlive/2025/texmf-dist/tex/latex/microtype/mt-LatinModernRoman.cfg
  ) (./devoir_epidemio.toc
  (/usr/local/texlive/2025/texmf-dist/tex/latex/lm/omllmm.fd)
  (/usr/local/texlive/2025/texmf-dist/tex/latex/amsfonts/umsa.fd)
  (/usr/local/texlive/2025/texmf-dist/tex/latex/microtype/mt-msa.cfg)
  (/usr/local/texlive/2025/texmf-dist/tex/latex/amsfonts/umsb.fd)
  (/usr/local/texlive/2025/texmf-dist/tex/latex/microtype/mt-msb.cfg))
  [1] (/usr/local/texlive/2025/texmf-dist/tex/latex/microtype/mt-TU-empty.cfg)
  [2]
  
  Package natbib Warning: Citation `connorsEffectivenessRightHeart1996' on page 3
   undefined on input line 410.
  
  
  [3]
  [4] [5]
  [6]
  [7]
  [8] [9]
  [10]
  [11]
  [12]
  [13]
  [14]
  [15]
  [16]
  [17]
  [18]
  [19]
  [20]
  [21]
  [22]
  [23] [24]
  [25]
  [26]
  [27]
  [28]
  
  Package natbib Warning: Citation `eisetConsiderationsUsingMultiple2022a' on pag
  e 29 undefined on input line 1785.
  
  
  Package natbib Warning: Citation `austinOptimalCaliperWidths2011' on page 29 un
  defined on input line 1829.
  
  
  [29]
  
  Package natbib Warning: Citation `garridoMethodsConstructingAssessing2014' on p
  age 30 undefined on input line 1847.
  
  
  Package natbib Warning: Citation `zhangBalanceDiagnosticsPropensity2019' on pag
  e 30 undefined on input line 1848.
  
  
  Package natbib Warning: Citation `austinBalanceDiagnosticsComparing2009' on pag
  e 30 undefined on input line 1849.
  
  
  Package natbib Warning: Citation `stuartPrognosticScoreBased2013' on page 30 un
  defined on input line 1850.
  
  
  Package natbib Warning: Citation `imaiMisunderstandingsExperimentalistsObservat
  ionalists2008' on page 30 undefined on input line 1852.
  
  
  [30]
  [31]
  [32]
  [33]
  
  Package natbib Warning: Citation `pikeBiasEfficiencyLogistic1980a' on page 34 u
  ndefined on input line 2087.
  
  
  Package natbib Warning: Citation `wanMatchedUnmatchedAnalysis2021' on page 34 u
  ndefined on input line 2088.
  
  
  Package natbib Warning: Citation `iwagamiIntroductionMatchingCaseControl2022' o
  n page 34 undefined on input line 2089.
  
  
  [34]
  
  Package natbib Warning: Citation `austinUsePropensityScore2014' on page 35 unde
  fined on input line 2146.
  
  
  [35]
  [36]
  [37]
  [38]
  [39]
  Underfull \vbox (badness 10000) detected at line 2486
  
  Underfull \vbox (badness 10000) detected at line 2486
  
  [40]
  [41]
  [42] (./devoir_epidemio.bbl
  [43])
  [44] [45]
  [46]
  [47]
  [48]
  [49]
  [50]
  [51]
  [52]
  [53]
  [54]
  [55]
  [56]
  [57]
  [58]
  [59]
  [60]
  [61]
  [62]
  [63]
  [64]
  [65]
  [66]
  [67]
  [68]
  [69]
  [70]
  [71]
  [72]
  [73]
  [74]
  [75]
  
  Package natbib Warning: There were undefined citations.
  
  
  [76] (./devoir_epidemio.aux
  
  Package natbib Warning: Citation(s) may have changed.
  (natbib)                Rerun to get citations correct.
  
  )
  
  LaTeX Warning: Label(s) may have changed. Rerun to get cross-references right.
  
   )
  (see the transcript file for additional information)
  Output written on devoir_epidemio.pdf (76 pages).
  Transcript written on devoir_epidemio.log.
  
[1m[34mrunning xelatex - 3[39m[22m
  This is XeTeX, Version 3.141592653-2.6-0.999997 (TeX Live 2025) (preloaded format=xelatex)
   restricted \write18 enabled.
  entering extended mode
  (./devoir_epidemio.tex
  LaTeX2e <2024-11-01> patch level 2
  L3 programming layer <2025-01-18>
  (/usr/local/texlive/2025/texmf-dist/tex/latex/koma-script/scrartcl.cls
  Document Class: scrartcl 2024/10/24 v3.43 KOMA-Script document class (article)
  (/usr/local/texlive/2025/texmf-dist/tex/latex/koma-script/scrkbase.sty
  (/usr/local/texlive/2025/texmf-dist/tex/latex/koma-script/scrbase.sty
  (/usr/local/texlive/2025/texmf-dist/tex/latex/koma-script/scrlfile.sty
  (/usr/local/texlive/2025/texmf-dist/tex/latex/koma-script/scrlfile-hook.sty
  (/usr/local/texlive/2025/texmf-dist/tex/latex/koma-script/scrlogo.sty)))
  (/usr/local/texlive/2025/texmf-dist/tex/latex/graphics/keyval.sty)))
  (/usr/local/texlive/2025/texmf-dist/tex/latex/koma-script/tocbasic.sty)
  (/usr/local/texlive/2025/texmf-dist/tex/latex/koma-script/scrsize11pt.clo)
  (/usr/local/texlive/2025/texmf-dist/tex/latex/koma-script/typearea.sty))
  (/usr/local/texlive/2025/texmf-dist/tex/latex/xcolor/xcolor.sty
  (/usr/local/texlive/2025/texmf-dist/tex/latex/graphics-cfg/color.cfg)
  (/usr/local/texlive/2025/texmf-dist/tex/latex/graphics-def/xetex.def)
  (/usr/local/texlive/2025/texmf-dist/tex/latex/graphics/mathcolor.ltx))
  (/usr/local/texlive/2025/texmf-dist/tex/latex/graphics/dvipsnam.def)
  (/usr/local/texlive/2025/texmf-dist/tex/latex/xcolor/svgnam.def)
  (/usr/local/texlive/2025/texmf-dist/tex/latex/xcolor/x11nam.def)
  (/usr/local/texlive/2025/texmf-dist/tex/latex/geometry/geometry.sty
  (/usr/local/texlive/2025/texmf-dist/tex/generic/iftex/ifvtex.sty
  (/usr/local/texlive/2025/texmf-dist/tex/generic/iftex/iftex.sty)))
  (/usr/local/texlive/2025/texmf-dist/tex/latex/amsmath/amsmath.sty
  For additional information on amsmath, use the `?' option.
  (/usr/local/texlive/2025/texmf-dist/tex/latex/amsmath/amstext.sty
  (/usr/local/texlive/2025/texmf-dist/tex/latex/amsmath/amsgen.sty))
  (/usr/local/texlive/2025/texmf-dist/tex/latex/amsmath/amsbsy.sty)
  (/usr/local/texlive/2025/texmf-dist/tex/latex/amsmath/amsopn.sty))
  (/usr/local/texlive/2025/texmf-dist/tex/latex/amsfonts/amssymb.sty
  (/usr/local/texlive/2025/texmf-dist/tex/latex/amsfonts/amsfonts.sty))
  (/usr/local/texlive/2025/texmf-dist/tex/latex/unicode-math/unicode-math.sty
  (/usr/local/texlive/2025/texmf-dist/tex/latex/l3kernel/expl3.sty
  (/usr/local/texlive/2025/texmf-dist/tex/latex/l3backend/l3backend-xetex.def))
  (/usr/local/texlive/2025/texmf-dist/tex/latex/unicode-math/unicode-math-xetex.s
  ty (/usr/local/texlive/2025/texmf-dist/tex/latex/l3packages/xparse/xparse.sty)
  (/usr/local/texlive/2025/texmf-dist/tex/latex/l3packages/l3keys2e/l3keys2e.sty)
   (/usr/local/texlive/2025/texmf-dist/tex/latex/fontspec/fontspec.sty
  (/usr/local/texlive/2025/texmf-dist/tex/latex/fontspec/fontspec-xetex.sty
  (/usr/local/texlive/2025/texmf-dist/tex/latex/base/fontenc.sty)
  (/usr/local/texlive/2025/texmf-dist/tex/latex/fontspec/fontspec.cfg)))
  (/usr/local/texlive/2025/texmf-dist/tex/latex/base/fix-cm.sty
  (/usr/local/texlive/2025/texmf-dist/tex/latex/base/ts1enc.def))
  (/usr/local/texlive/2025/texmf-dist/tex/latex/unicode-math/unicode-math-table.t
  ex))) (/usr/local/texlive/2025/texmf-dist/tex/latex/lm/lmodern.sty)
  (/usr/local/texlive/2025/texmf-dist/tex/latex/upquote/upquote.sty
  (/usr/local/texlive/2025/texmf-dist/tex/latex/base/textcomp.sty))
  (/usr/local/texlive/2025/texmf-dist/tex/latex/microtype/microtype.sty
  (/usr/local/texlive/2025/texmf-dist/tex/latex/etoolbox/etoolbox.sty)
  (/usr/local/texlive/2025/texmf-dist/tex/latex/microtype/microtype-xetex.def)
  (/usr/local/texlive/2025/texmf-dist/tex/latex/microtype/microtype.cfg))
  (/usr/local/texlive/2025/texmf-dist/tex/latex/fancyvrb/fancyvrb.sty)
  (/usr/local/texlive/2025/texmf-dist/tex/latex/framed/framed.sty)
  (/usr/local/texlive/2025/texmf-dist/tex/latex/tools/longtable.sty)
  (/usr/local/texlive/2025/texmf-dist/tex/latex/booktabs/booktabs.sty)
  (/usr/local/texlive/2025/texmf-dist/tex/latex/tools/array.sty)
  (/usr/local/texlive/2025/texmf-dist/tex/latex/tools/calc.sty)
  (/usr/local/texlive/2025/texmf-dist/tex/latex/footnotehyper/footnotehyper.sty)
  (/usr/local/texlive/2025/texmf-dist/tex/latex/graphics/graphicx.sty
  (/usr/local/texlive/2025/texmf-dist/tex/latex/graphics/graphics.sty
  (/usr/local/texlive/2025/texmf-dist/tex/latex/graphics/trig.sty)
  (/usr/local/texlive/2025/texmf-dist/tex/latex/graphics-cfg/graphics.cfg)))
  (/usr/local/texlive/2025/texmf-dist/tex/latex/natbib/natbib.sty)
  (/usr/local/texlive/2025/texmf-dist/tex/latex/multirow/multirow.sty)
  (/usr/local/texlive/2025/texmf-dist/tex/latex/wrapfig/wrapfig.sty)
  (/usr/local/texlive/2025/texmf-dist/tex/latex/float/float.sty)
  (/usr/local/texlive/2025/texmf-dist/tex/latex/colortbl/colortbl.sty)
  (/usr/local/texlive/2025/texmf-dist/tex/latex/pdflscape/pdflscape.sty
  (/usr/local/texlive/2025/texmf-dist/tex/latex/pdflscape/pdflscape-nometadata.st
  y (/usr/local/texlive/2025/texmf-dist/tex/latex/graphics/lscape.sty)))
  (/usr/local/texlive/2025/texmf-dist/tex/latex/tabu/tabu.sty
  (/usr/local/texlive/2025/texmf-dist/tex/latex/varwidth/varwidth.sty))
  (/usr/local/texlive/2025/texmf-dist/tex/latex/threeparttable/threeparttable.sty
  )
  (/usr/local/texlive/2025/texmf-dist/tex/latex/threeparttablex/threeparttablex.s
  ty (/usr/local/texlive/2025/texmf-dist/tex/latex/environ/environ.sty
  (/usr/local/texlive/2025/texmf-dist/tex/latex/trimspaces/trimspaces.sty)))
  (/usr/local/texlive/2025/texmf-dist/tex/generic/ulem/ulem.sty)
  (/usr/local/texlive/2025/texmf-dist/tex/latex/makecell/makecell.sty)
  (/usr/local/texlive/2025/texmf-dist/tex/latex/caption/caption.sty
  (/usr/local/texlive/2025/texmf-dist/tex/latex/caption/caption3.sty
  (/usr/local/texlive/2025/texmf-dist/tex/latex/caption/caption-koma.sto))
  (/usr/local/texlive/2025/texmf-dist/tex/latex/caption/ltcaption.sty))
  (/usr/local/texlive/2025/texmf-dist/tex/latex/anyfontsize/anyfontsize.sty)
  (/usr/local/texlive/2025/texmf-dist/tex/generic/babel/babel.sty
  (/usr/local/texlive/2025/texmf-dist/tex/generic/babel/xebabel.def)
  (/usr/local/texlive/2025/texmf-dist/tex/generic/babel-french/french.ldf))
  (/usr/local/texlive/2025/texmf-dist/tex/generic/babel/locale/fr/babel-french.te
  x) (/usr/local/texlive/2025/texmf-dist/tex/latex/carlisle/scalefnt.sty)
  (/usr/local/texlive/2025/texmf-dist/tex/latex/listings/listings.sty
  (/usr/local/texlive/2025/texmf-dist/tex/latex/listings/lstpatch.sty)
  (/usr/local/texlive/2025/texmf-dist/tex/latex/listings/lstmisc.sty)
  (/usr/local/texlive/2025/texmf-dist/tex/latex/listings/listings.cfg))
  (/usr/local/texlive/2025/texmf-dist/tex/latex/listings/lstlang1.sty)
  (/usr/local/texlive/2025/texmf-dist/tex/latex/listings/lstlang2.sty)
  (/usr/local/texlive/2025/texmf-dist/tex/latex/listings/lstlang3.sty)
  (/usr/local/texlive/2025/texmf-dist/tex/latex/fvextra/fvextra.sty
  (/usr/local/texlive/2025/texmf-dist/tex/generic/pdftexcmds/pdftexcmds.sty
  (/usr/local/texlive/2025/texmf-dist/tex/generic/infwarerr/infwarerr.sty)
  (/usr/local/texlive/2025/texmf-dist/tex/generic/ltxcmds/ltxcmds.sty))
  (/usr/local/texlive/2025/texmf-dist/tex/latex/lineno/lineno.sty
  (/usr/local/texlive/2025/texmf-dist/tex/latex/kvoptions/kvoptions.sty
  (/usr/local/texlive/2025/texmf-dist/tex/latex/kvsetkeys/kvsetkeys.sty))))
  (/usr/local/texlive/2025/texmf-dist/tex/latex/placeins/placeins.sty)
  (/usr/local/texlive/2025/texmf-dist/tex/latex/needspace/needspace.sty)
  (/usr/local/texlive/2025/texmf-dist/tex/latex/enumitem/enumitem.sty)
  (/usr/local/texlive/2025/texmf-dist/tex/latex/tcolorbox/tcolorbox.sty
  (/usr/local/texlive/2025/texmf-dist/tex/latex/pgf/frontendlayer/tikz.sty
  (/usr/local/texlive/2025/texmf-dist/tex/latex/pgf/basiclayer/pgf.sty
  (/usr/local/texlive/2025/texmf-dist/tex/latex/pgf/utilities/pgfrcs.sty
  (/usr/local/texlive/2025/texmf-dist/tex/generic/pgf/utilities/pgfutil-common.te
  x)
  (/usr/local/texlive/2025/texmf-dist/tex/generic/pgf/utilities/pgfutil-latex.def
  ) (/usr/local/texlive/2025/texmf-dist/tex/generic/pgf/utilities/pgfrcs.code.tex
  (/usr/local/texlive/2025/texmf-dist/tex/generic/pgf/pgf.revision.tex)))
  (/usr/local/texlive/2025/texmf-dist/tex/latex/pgf/basiclayer/pgfcore.sty
  (/usr/local/texlive/2025/texmf-dist/tex/latex/pgf/systemlayer/pgfsys.sty
  (/usr/local/texlive/2025/texmf-dist/tex/generic/pgf/systemlayer/pgfsys.code.tex
  (/usr/local/texlive/2025/texmf-dist/tex/generic/pgf/utilities/pgfkeys.code.tex
  (/usr/local/texlive/2025/texmf-dist/tex/generic/pgf/utilities/pgfkeyslibraryfil
  tered.code.tex))
  (/usr/local/texlive/2025/texmf-dist/tex/generic/pgf/systemlayer/pgf.cfg)
  (/usr/local/texlive/2025/texmf-dist/tex/generic/pgf/systemlayer/pgfsys-xetex.de
  f
  (/usr/local/texlive/2025/texmf-dist/tex/generic/pgf/systemlayer/pgfsys-dvipdfmx
  .def
  (/usr/local/texlive/2025/texmf-dist/tex/generic/pgf/systemlayer/pgfsys-common-p
  df.def))))
  (/usr/local/texlive/2025/texmf-dist/tex/generic/pgf/systemlayer/pgfsyssoftpath.
  code.tex)
  (/usr/local/texlive/2025/texmf-dist/tex/generic/pgf/systemlayer/pgfsysprotocol.
  code.tex))
  (/usr/local/texlive/2025/texmf-dist/tex/generic/pgf/basiclayer/pgfcore.code.tex
  (/usr/local/texlive/2025/texmf-dist/tex/generic/pgf/math/pgfmath.code.tex
  (/usr/local/texlive/2025/texmf-dist/tex/generic/pgf/math/pgfmathutil.code.tex)
  (/usr/local/texlive/2025/texmf-dist/tex/generic/pgf/math/pgfmathparser.code.tex
  )
  (/usr/local/texlive/2025/texmf-dist/tex/generic/pgf/math/pgfmathfunctions.code.
  tex)
  (/usr/local/texlive/2025/texmf-dist/tex/generic/pgf/math/pgfmathfunctions.basic
  .code.tex)
  (/usr/local/texlive/2025/texmf-dist/tex/generic/pgf/math/pgfmathfunctions.trigo
  nometric.code.tex)
  (/usr/local/texlive/2025/texmf-dist/tex/generic/pgf/math/pgfmathfunctions.rando
  m.code.tex)
  (/usr/local/texlive/2025/texmf-dist/tex/generic/pgf/math/pgfmathfunctions.compa
  rison.code.tex)
  (/usr/local/texlive/2025/texmf-dist/tex/generic/pgf/math/pgfmathfunctions.base.
  code.tex)
  (/usr/local/texlive/2025/texmf-dist/tex/generic/pgf/math/pgfmathfunctions.round
  .code.tex)
  (/usr/local/texlive/2025/texmf-dist/tex/generic/pgf/math/pgfmathfunctions.misc.
  code.tex)
  (/usr/local/texlive/2025/texmf-dist/tex/generic/pgf/math/pgfmathfunctions.integ
  erarithmetics.code.tex)
  (/usr/local/texlive/2025/texmf-dist/tex/generic/pgf/math/pgfmathcalc.code.tex)
  (/usr/local/texlive/2025/texmf-dist/tex/generic/pgf/math/pgfmathfloat.code.tex)
  ) (/usr/local/texlive/2025/texmf-dist/tex/generic/pgf/math/pgfint.code.tex)
  (/usr/local/texlive/2025/texmf-dist/tex/generic/pgf/basiclayer/pgfcorepoints.co
  de.tex)
  (/usr/local/texlive/2025/texmf-dist/tex/generic/pgf/basiclayer/pgfcorepathconst
  ruct.code.tex)
  (/usr/local/texlive/2025/texmf-dist/tex/generic/pgf/basiclayer/pgfcorepathusage
  .code.tex)
  (/usr/local/texlive/2025/texmf-dist/tex/generic/pgf/basiclayer/pgfcorescopes.co
  de.tex)
  (/usr/local/texlive/2025/texmf-dist/tex/generic/pgf/basiclayer/pgfcoregraphicst
  ate.code.tex)
  (/usr/local/texlive/2025/texmf-dist/tex/generic/pgf/basiclayer/pgfcoretransform
  ations.code.tex)
  (/usr/local/texlive/2025/texmf-dist/tex/generic/pgf/basiclayer/pgfcorequick.cod
  e.tex)
  (/usr/local/texlive/2025/texmf-dist/tex/generic/pgf/basiclayer/pgfcoreobjects.c
  ode.tex)
  (/usr/local/texlive/2025/texmf-dist/tex/generic/pgf/basiclayer/pgfcorepathproce
  ssing.code.tex)
  (/usr/local/texlive/2025/texmf-dist/tex/generic/pgf/basiclayer/pgfcorearrows.co
  de.tex)
  (/usr/local/texlive/2025/texmf-dist/tex/generic/pgf/basiclayer/pgfcoreshade.cod
  e.tex)
  (/usr/local/texlive/2025/texmf-dist/tex/generic/pgf/basiclayer/pgfcoreimage.cod
  e.tex)
  (/usr/local/texlive/2025/texmf-dist/tex/generic/pgf/basiclayer/pgfcoreexternal.
  code.tex)
  (/usr/local/texlive/2025/texmf-dist/tex/generic/pgf/basiclayer/pgfcorelayers.co
  de.tex)
  (/usr/local/texlive/2025/texmf-dist/tex/generic/pgf/basiclayer/pgfcoretranspare
  ncy.code.tex)
  (/usr/local/texlive/2025/texmf-dist/tex/generic/pgf/basiclayer/pgfcorepatterns.
  code.tex)
  (/usr/local/texlive/2025/texmf-dist/tex/generic/pgf/basiclayer/pgfcorerdf.code.
  tex)))
  (/usr/local/texlive/2025/texmf-dist/tex/generic/pgf/modules/pgfmoduleshapes.cod
  e.tex)
  (/usr/local/texlive/2025/texmf-dist/tex/generic/pgf/modules/pgfmoduleplot.code.
  tex)
  (/usr/local/texlive/2025/texmf-dist/tex/latex/pgf/compatibility/pgfcomp-version
  -0-65.sty)
  (/usr/local/texlive/2025/texmf-dist/tex/latex/pgf/compatibility/pgfcomp-version
  -1-18.sty))
  (/usr/local/texlive/2025/texmf-dist/tex/latex/pgf/utilities/pgffor.sty
  (/usr/local/texlive/2025/texmf-dist/tex/latex/pgf/utilities/pgfkeys.sty
  (/usr/local/texlive/2025/texmf-dist/tex/generic/pgf/utilities/pgfkeys.code.tex)
  ) (/usr/local/texlive/2025/texmf-dist/tex/latex/pgf/math/pgfmath.sty
  (/usr/local/texlive/2025/texmf-dist/tex/generic/pgf/math/pgfmath.code.tex))
  (/usr/local/texlive/2025/texmf-dist/tex/generic/pgf/utilities/pgffor.code.tex))
  
  (/usr/local/texlive/2025/texmf-dist/tex/generic/pgf/frontendlayer/tikz/tikz.cod
  e.tex
  (/usr/local/texlive/2025/texmf-dist/tex/generic/pgf/libraries/pgflibraryplothan
  dlers.code.tex)
  (/usr/local/texlive/2025/texmf-dist/tex/generic/pgf/modules/pgfmodulematrix.cod
  e.tex)
  (/usr/local/texlive/2025/texmf-dist/tex/generic/pgf/frontendlayer/tikz/librarie
  s/tikzlibrarytopaths.code.tex)))
  (/usr/local/texlive/2025/texmf-dist/tex/latex/tools/verbatim.sty)
  (/usr/local/texlive/2025/texmf-dist/tex/latex/tcolorbox/tcbraster.code.tex
  Library (tcolorbox): 'tcbraster.code.tex' version '6.4.1'
  ) (/usr/local/texlive/2025/texmf-dist/tex/latex/tcolorbox/tcbskins.code.tex
  Library (tcolorbox): 'tcbskins.code.tex' version '6.4.1'
  (/usr/local/texlive/2025/texmf-dist/tex/latex/tikzfill/tikzfill.image.sty
  (/usr/local/texlive/2025/texmf-dist/tex/latex/tikzfill/tikzfill-common.sty)
  (/usr/local/texlive/2025/texmf-dist/tex/latex/tikzfill/tikzlibraryfill.image.co
  de.tex))
  (/usr/local/texlive/2025/texmf-dist/tex/latex/tcolorbox/tcbskinsjigsaw.code.tex
  Library (tcolorbox): 'tcbskinsjigsaw.code.tex' version '6.4.1'
  ))
  (/usr/local/texlive/2025/texmf-dist/tex/latex/tcolorbox/tcbbreakable.code.tex
  Library (tcolorbox): 'tcbbreakable.code.tex' version '6.4.1'
  (/usr/local/texlive/2025/texmf-dist/tex/latex/pdfcol/pdfcol.sty))
  (/usr/local/texlive/2025/texmf-dist/tex/latex/tcolorbox/tcbhooks.code.tex
  Library (tcolorbox): 'tcbhooks.code.tex' version '6.4.1'
  ) (/usr/local/texlive/2025/texmf-dist/tex/latex/tcolorbox/tcbtheorems.code.tex
  Library (tcolorbox): 'tcbtheorems.code.tex' version '6.4.1'
  ) (/usr/local/texlive/2025/texmf-dist/tex/latex/tcolorbox/tcbfitting.code.tex
  Library (tcolorbox): 'tcbfitting.code.tex' version '6.4.1'
  )
  (/usr/local/texlive/2025/texmf-dist/tex/latex/tcolorbox/tcblistingsutf8.code.te
  x
  Library (tcolorbox): 'tcblistingsutf8.code.tex' version '6.4.1'
  (/usr/local/texlive/2025/texmf-dist/tex/latex/tcolorbox/tcblistings.code.tex
  Library (tcolorbox): 'tcblistings.code.tex' version '6.4.1'
  
  (/usr/local/texlive/2025/texmf-dist/tex/latex/tcolorbox/tcblistingscore.code.te
  x
  Library (tcolorbox): 'tcblistingscore.code.tex' version '6.4.1'
  (/usr/local/texlive/2025/texmf-dist/tex/latex/tcolorbox/tcbprocessing.code.tex
  Library (tcolorbox): 'tcbprocessing.code.tex' version '6.4.1'
  ))))
  (/usr/local/texlive/2025/texmf-dist/tex/latex/tcolorbox/tcbexternal.code.tex
  Library (tcolorbox): 'tcbexternal.code.tex' version '6.4.1'
  ) (/usr/local/texlive/2025/texmf-dist/tex/latex/tcolorbox/tcbmagazine.code.tex
  Library (tcolorbox): 'tcbmagazine.code.tex' version '6.4.1'
  ) (/usr/local/texlive/2025/texmf-dist/tex/latex/tcolorbox/tcbvignette.code.tex
  Library (tcolorbox): 'tcbvignette.code.tex' version '6.4.1'
  
  (/usr/local/texlive/2025/texmf-dist/tex/generic/pgf/frontendlayer/tikz/librarie
  s/tikzlibraryfadings.code.tex
  (/usr/local/texlive/2025/texmf-dist/tex/generic/pgf/libraries/pgflibraryfadings
  .code.tex)))
  (/usr/local/texlive/2025/texmf-dist/tex/latex/tcolorbox/tcbposter.code.tex
  Library (tcolorbox): 'tcbposter.code.tex' version '6.4.1'
  )) (/usr/local/texlive/2025/texmf-dist/tex/latex/fontawesome5/fontawesome5.sty
  (/usr/local/texlive/2025/texmf-dist/tex/latex/fontawesome5/fontawesome5-utex-he
  lper.sty
  (/usr/local/texlive/2025/texmf-dist/tex/latex/fontawesome5/tufontawesomefree.fd
  )
  (/usr/local/texlive/2025/texmf-dist/tex/latex/fontawesome5/tufontawesomebrands.
  fd))) (/usr/local/texlive/2025/texmf-dist/tex/latex/caption/subcaption.sty)
  (/usr/local/texlive/2025/texmf-dist/tex/latex/bookmark/bookmark.sty
  (/usr/local/texlive/2025/texmf-dist/tex/latex/hyperref/hyperref.sty
  (/usr/local/texlive/2025/texmf-dist/tex/generic/kvdefinekeys/kvdefinekeys.sty)
  (/usr/local/texlive/2025/texmf-dist/tex/generic/pdfescape/pdfescape.sty)
  (/usr/local/texlive/2025/texmf-dist/tex/latex/hycolor/hycolor.sty)
  (/usr/local/texlive/2025/texmf-dist/tex/latex/hyperref/nameref.sty
  (/usr/local/texlive/2025/texmf-dist/tex/latex/refcount/refcount.sty)
  (/usr/local/texlive/2025/texmf-dist/tex/generic/gettitlestring/gettitlestring.s
  ty)) (/usr/local/texlive/2025/texmf-dist/tex/generic/stringenc/stringenc.sty)
  (/usr/local/texlive/2025/texmf-dist/tex/latex/hyperref/pd1enc.def)
  (/usr/local/texlive/2025/texmf-dist/tex/generic/intcalc/intcalc.sty)
  (/usr/local/texlive/2025/texmf-dist/tex/latex/hyperref/puenc.def)
  (/usr/local/texlive/2025/texmf-dist/tex/latex/url/url.sty)
  (/usr/local/texlive/2025/texmf-dist/tex/generic/bitset/bitset.sty
  (/usr/local/texlive/2025/texmf-dist/tex/generic/bigintcalc/bigintcalc.sty))
  (/usr/local/texlive/2025/texmf-dist/tex/latex/base/atbegshi-ltx.sty))
  (/usr/local/texlive/2025/texmf-dist/tex/latex/hyperref/hxetex.def
  (/usr/local/texlive/2025/texmf-dist/tex/latex/rerunfilecheck/rerunfilecheck.sty
  (/usr/local/texlive/2025/texmf-dist/tex/latex/base/atveryend-ltx.sty)
  (/usr/local/texlive/2025/texmf-dist/tex/generic/uniquecounter/uniquecounter.sty
  ))) (/usr/local/texlive/2025/texmf-dist/tex/latex/bookmark/bkm-dvipdfm.def))
  (/usr/local/texlive/2025/texmf-dist/tex/latex/xurl/xurl.sty)
  (./devoir_epidemio.aux)
  *geometry* driver: auto-detecting
  *geometry* detected driver: xetex
  
  (/usr/local/texlive/2025/texmf-dist/tex/latex/microtype/mt-LatinModernRoman.cfg
  ) (./devoir_epidemio.toc
  (/usr/local/texlive/2025/texmf-dist/tex/latex/lm/omllmm.fd)
  (/usr/local/texlive/2025/texmf-dist/tex/latex/amsfonts/umsa.fd)
  (/usr/local/texlive/2025/texmf-dist/tex/latex/microtype/mt-msa.cfg)
  (/usr/local/texlive/2025/texmf-dist/tex/latex/amsfonts/umsb.fd)
  (/usr/local/texlive/2025/texmf-dist/tex/latex/microtype/mt-msb.cfg))
  [1] (/usr/local/texlive/2025/texmf-dist/tex/latex/microtype/mt-TU-empty.cfg)
  [2]
  [3]
  [4] [5]
  [6]
  [7]
  [8] [9]
  [10]
  [11]
  [12]
  [13]
  [14]
  [15]
  [16]
  [17]
  [18]
  [19]
  [20]
  [21]
  [22]
  [23] [24]
  [25]
  [26]
  [27]
  [28]
  [29]
  [30]
  [31]
  [32]
  [33]
  [34]
  [35]
  [36]
  [37]
  [38]
  [39]
  Underfull \vbox (badness 10000) detected at line 2486
  
  Underfull \vbox (badness 10000) detected at line 2486
  
  [40]
  [41]
  [42] (./devoir_epidemio.bbl
  [43])
  [44] [45]
  [46]
  [47]
  [48]
  [49]
  [50]
  [51]
  [52]
  [53]
  [54]
  [55]
  [56]
  [57]
  [58]
  [59]
  [60]
  [61]
  [62]
  [63]
  [64]
  [65]
  [66]
  [67]
  [68]
  [69]
  [70]
  [71]
  [72]
  [73]
  [74]
  [75]
  [76] (./devoir_epidemio.aux) )
  (see the transcript file for additional information)
  Output written on devoir_epidemio.pdf (76 pages).
  Transcript written on devoir_epidemio.log.
  

Output created: devoir_epidemio.pdf

